mode: atomic
github.com/aedenj/golang-tftp/tftp/server.go:15.28,17.2 1 0
github.com/aedenj/golang-tftp/tftp/server.go:19.35,21.17 2 0
github.com/aedenj/golang-tftp/tftp/server.go:25.3,26.17 2 0
github.com/aedenj/golang-tftp/tftp/server.go:30.3,31.13 2 0
github.com/aedenj/golang-tftp/tftp/server.go:21.17,23.4 1 0
github.com/aedenj/golang-tftp/tftp/server.go:26.17,28.4 1 0
github.com/aedenj/golang-tftp/tftp/server.go:34.42,36.13 1 0
github.com/aedenj/golang-tftp/tftp/server.go:36.13,39.24 3 0
github.com/aedenj/golang-tftp/tftp/server.go:39.24,42.6 2 0
github.com/aedenj/golang-tftp/tftp/wire.go:37.55,38.52 1 10
github.com/aedenj/golang-tftp/tftp/wire.go:41.3,41.58 1 10
github.com/aedenj/golang-tftp/tftp/wire.go:44.3,44.54 1 6
github.com/aedenj/golang-tftp/tftp/wire.go:47.3,47.13 1 2
github.com/aedenj/golang-tftp/tftp/wire.go:38.52,40.4 1 0
github.com/aedenj/golang-tftp/tftp/wire.go:41.58,43.4 1 4
github.com/aedenj/golang-tftp/tftp/wire.go:44.54,46.4 1 4
github.com/aedenj/golang-tftp/tftp/wire.go:50.44,56.2 5 2
github.com/aedenj/golang-tftp/tftp/wire.go:64.52,66.58 2 4
github.com/aedenj/golang-tftp/tftp/wire.go:69.3,70.13 2 2
github.com/aedenj/golang-tftp/tftp/wire.go:66.58,68.4 1 2
github.com/aedenj/golang-tftp/tftp/wire.go:73.41,79.2 5 2
github.com/aedenj/golang-tftp/tftp/wire.go:86.51,88.58 2 3
github.com/aedenj/golang-tftp/tftp/wire.go:91.3,91.13 1 1
github.com/aedenj/golang-tftp/tftp/wire.go:88.58,90.4 1 2
github.com/aedenj/golang-tftp/tftp/wire.go:94.40,99.2 4 1
github.com/aedenj/golang-tftp/tftp/wire.go:107.53,109.54 2 5
github.com/aedenj/golang-tftp/tftp/wire.go:112.3,112.53 1 3
github.com/aedenj/golang-tftp/tftp/wire.go:115.3,115.13 1 1
github.com/aedenj/golang-tftp/tftp/wire.go:109.54,111.4 1 2
github.com/aedenj/golang-tftp/tftp/wire.go:112.53,114.4 1 2
github.com/aedenj/golang-tftp/tftp/wire.go:118.42,124.2 5 1
github.com/aedenj/golang-tftp/tftp/wire.go:128.54,129.19 1 49
github.com/aedenj/golang-tftp/tftp/wire.go:132.3,132.52 1 42
github.com/aedenj/golang-tftp/tftp/wire.go:129.19,131.4 1 7
github.com/aedenj/golang-tftp/tftp/wire.go:137.54,139.12 2 19
github.com/aedenj/golang-tftp/tftp/wire.go:142.3,142.41 1 9
github.com/aedenj/golang-tftp/tftp/wire.go:139.12,141.4 1 10
github.com/aedenj/golang-tftp/tftp/wire.go:146.52,148.52 2 27
github.com/aedenj/golang-tftp/tftp/wire.go:151.3,151.17 1 26
github.com/aedenj/golang-tftp/tftp/wire.go:164.3,165.9 2 22
github.com/aedenj/golang-tftp/tftp/wire.go:148.52,150.4 1 1
github.com/aedenj/golang-tftp/tftp/wire.go:152.21,153.25 1 10
github.com/aedenj/golang-tftp/tftp/wire.go:154.15,155.22 1 4
github.com/aedenj/golang-tftp/tftp/wire.go:156.14,157.21 1 3
github.com/aedenj/golang-tftp/tftp/wire.go:158.16,159.23 1 5
github.com/aedenj/golang-tftp/tftp/wire.go:160.11,162.11 2 4
